<?xml version="1.0" encoding="utf-8" standalone="no"?>
<!--This file represents the results of running a test suite-->
<test-results name="D:\Dev\NUnit\nunit20\src\build\net\1.1\release\NUnitTests.nunit" total="666" failures="0" not-run="0" date="2004-12-07" time="11:06:01">
  <test-suite name="D:\Dev\NUnit\nunit20\src\build\net\1.1\release\NUnitTests.nunit" success="True" time="36.022" asserts="0">
    <results>
      <test-suite name="D:\Dev\NUnit\nunit20\src\build\net\1.1\release\nunit.framework.tests.dll" success="True" time="4.026" asserts="0">
        <results>
          <test-suite name="NUnit" success="True" time="3.946" asserts="0">
            <results>
              <test-suite name="Core" success="True" time="3.255" asserts="0">
                <results>
                  <test-suite name="Tests" success="True" time="3.205" asserts="0">
                    <results>
                      <test-suite name="XmlTest" success="True" time="0.761" asserts="0">
                        <results>
                          <test-case name="NUnit.Core.Tests.XmlTest.TestSchemaValidatorInvariantCulture" executed="True" success="True" time="0.571" asserts="0" />
                          <test-case name="NUnit.Core.Tests.XmlTest.TestSchemaValidatorUnitedStatesCulture" executed="True" success="True" time="0.060" asserts="0" />
                          <test-case name="NUnit.Core.Tests.XmlTest.TestStream" executed="True" success="True" time="0.070" asserts="0" />
                          <test-case name="NUnit.Core.Tests.XmlTest.TestSchemaValidatorFrenchCulture" executed="True" success="True" time="0.040" asserts="0" />
                          <test-case name="NUnit.Core.Tests.XmlTest.removeTime" executed="True" success="True" time="0.010" asserts="0" />
                        </results>
                      </test-suite>
                      <test-suite name="TestCaseResultFixture" success="True" time="0.000" asserts="0">
                        <results>
                          <test-case name="NUnit.Core.Tests.TestCaseResultFixture.TestCaseSuccess" executed="True" success="True" time="0.000" asserts="0" />
                          <test-case name="NUnit.Core.Tests.TestCaseResultFixture.TestCaseFailure" executed="True" success="True" time="0.000" asserts="0" />
                          <test-case name="NUnit.Core.Tests.TestCaseResultFixture.TestExceptionContents" executed="True" success="True" time="0.000" asserts="0" />
                        </results>
                      </test-suite>
                      <test-suite name="TestSuiteResultFixture" success="True" time="0.010" asserts="0">
                        <results>
                          <test-case name="NUnit.Core.Tests.TestSuiteResultFixture.EmptySuite" executed="True" success="True" time="0.000" asserts="0" />
                          <test-case name="NUnit.Core.Tests.TestSuiteResultFixture.SuiteSuccess" executed="True" success="True" time="0.000" asserts="0" />
                          <test-case name="NUnit.Core.Tests.TestSuiteResultFixture.TestSuiteFailure" executed="True" success="True" time="0.000" asserts="0" />
                        </results>
                      </test-suite>
                      <test-suite name="DirectorySwapperTests" success="True" time="0.010" asserts="0">
                        <results>
                          <test-case name="NUnit.Core.Tests.DirectorySwapperTests.ChangeAndRestore" executed="True" success="True" time="0.000" asserts="0" />
                          <test-case name="NUnit.Core.Tests.DirectorySwapperTests.SwapAndRestore" executed="True" success="True" time="0.000" asserts="0" />
                        </results>
                      </test-suite>
                      <test-suite name="PlatformDetectionTests" success="True" time="0.060" asserts="0">
                        <results>
                          <test-case name="NUnit.Core.Tests.PlatformDetectionTests.DetectWin95" executed="True" success="True" time="0.010" asserts="0" />
                          <test-case name="NUnit.Core.Tests.PlatformDetectionTests.DetectWin98" executed="True" success="True" time="0.000" asserts="0" />
                          <test-case name="NUnit.Core.Tests.PlatformDetectionTests.DetectWinMe" executed="True" success="True" time="0.000" asserts="0" />
                          <test-case name="NUnit.Core.Tests.PlatformDetectionTests.DetectWinCE" executed="True" success="True" time="0.000" asserts="0" />
                          <test-case name="NUnit.Core.Tests.PlatformDetectionTests.DetectNT3" executed="True" success="True" time="0.000" asserts="0" />
                          <test-case name="NUnit.Core.Tests.PlatformDetectionTests.DetectNT4" executed="True" success="True" time="0.000" asserts="0" />
                          <test-case name="NUnit.Core.Tests.PlatformDetectionTests.DetectWin2K" executed="True" success="True" time="0.000" asserts="0" />
                          <test-case name="NUnit.Core.Tests.PlatformDetectionTests.DetectWinXP" executed="True" success="True" time="0.000" asserts="0" />
                          <test-case name="NUnit.Core.Tests.PlatformDetectionTests.DetectWin2003Server" executed="True" success="True" time="0.000" asserts="0" />
                          <test-case name="NUnit.Core.Tests.PlatformDetectionTests.DetectUnix" executed="True" success="True" time="0.010" asserts="0" />
                          <test-case name="NUnit.Core.Tests.PlatformDetectionTests.DetectNet10" executed="True" success="True" time="0.000" asserts="0" />
                          <test-case name="NUnit.Core.Tests.PlatformDetectionTests.DetectNet11" executed="True" success="True" time="0.000" asserts="0" />
                          <test-case name="NUnit.Core.Tests.PlatformDetectionTests.DetectNet20" executed="True" success="True" time="0.000" asserts="0" />
                          <test-case name="NUnit.Core.Tests.PlatformDetectionTests.DetectNetCF" executed="True" success="True" time="0.000" asserts="0" />
                          <test-case name="NUnit.Core.Tests.PlatformDetectionTests.DetectSSCLI" executed="True" success="True" time="0.000" asserts="0" />
                          <test-case name="NUnit.Core.Tests.PlatformDetectionTests.DetectMono10" executed="True" success="True" time="0.000" asserts="0" />
                          <test-case name="NUnit.Core.Tests.PlatformDetectionTests.DetectMono20" executed="True" success="True" time="0.000" asserts="0" />
                          <test-case name="NUnit.Core.Tests.PlatformDetectionTests.DetectExactVersion" executed="True" success="True" time="0.000" asserts="0" />
                          <test-case name="NUnit.Core.Tests.PlatformDetectionTests.ArrayOfPlatforms" executed="True" success="True" time="0.000" asserts="0" />
                          <test-case name="NUnit.Core.Tests.PlatformDetectionTests.PlatformAttribute_Include" executed="True" success="True" time="0.000" asserts="0" />
                          <test-case name="NUnit.Core.Tests.PlatformDetectionTests.PlatformAttribute_Exclude" executed="True" success="True" time="0.000" asserts="0" />
                          <test-case name="NUnit.Core.Tests.PlatformDetectionTests.PlatformAttribute_IncludeAndExclude" executed="True" success="True" time="0.010" asserts="0" />
                        </results>
                      </test-suite>
                      <test-suite name="AssemblyTests" success="True" time="0.340" asserts="0">
                        <results>
                          <test-case name="NUnit.Core.Tests.AssemblyTests.RunSetsCurrentDirectory" executed="True" success="True" time="0.000" asserts="0" />
                          <test-case name="NUnit.Core.Tests.AssemblyTests.LoadAssembly" executed="True" success="True" time="0.180" asserts="0" />
                          <test-case name="NUnit.Core.Tests.AssemblyTests.LoadAssemblyNotFound" executed="True" success="True" time="0.010" asserts="0" />
                          <test-case name="NUnit.Core.Tests.AssemblyTests.LoadAssemblyWithoutTestFixtures" executed="True" success="True" time="0.080" asserts="0" />
                          <test-case name="NUnit.Core.Tests.AssemblyTests.LoadTestFixtureFromAssembly" executed="True" success="True" time="0.010" asserts="0" />
                          <test-case name="NUnit.Core.Tests.AssemblyTests.AppSettingsLoaded" executed="True" success="True" time="0.050" asserts="0" />
                        </results>
                      </test-suite>
                      <test-suite name="TestAttributeFixture" success="True" time="0.020" asserts="0">
                        <results>
                          <test-case name="NUnit.Core.Tests.TestAttributeFixture.ReflectionTest" executed="True" success="True" time="0.000" asserts="0" />
                          <test-case name="NUnit.Core.Tests.TestAttributeFixture.Description" executed="True" success="True" time="0.000" asserts="0" />
                          <test-case name="NUnit.Core.Tests.TestAttributeFixture.DescriptionInResult" executed="True" success="True" time="0.000" asserts="0" />
                          <test-case name="NUnit.Core.Tests.TestAttributeFixture.NoDescription" executed="True" success="True" time="0.000" asserts="0" />
                          <test-case name="NUnit.Core.Tests.TestAttributeFixture.FixtureDescription" executed="True" success="True" time="0.010" asserts="0" />
                          <test-case name="NUnit.Core.Tests.TestAttributeFixture.FixtureDescriptionInResult" executed="True" success="True" time="0.000" asserts="0" />
                        </results>
                      </test-suite>
                      <test-suite name="NamespaceAssemblyTests" success="True" time="0.080" asserts="0">
                        <results>
                          <test-case name="NUnit.Core.Tests.NamespaceAssemblyTests.LoadTestFixtureFromAssembly" executed="True" success="True" time="0.010" asserts="0" />
                          <test-case name="NUnit.Core.Tests.NamespaceAssemblyTests.TestRoot" executed="True" success="True" time="0.010" asserts="0" />
                          <test-case name="NUnit.Core.Tests.NamespaceAssemblyTests.Hierarchy" executed="True" success="True" time="0.010" asserts="0" />
                          <test-case name="NUnit.Core.Tests.NamespaceAssemblyTests.NoNamespaceInAssembly" executed="True" success="True" time="0.050" asserts="0" />
                        </results>
                      </test-suite>
                      <test-suite name="OneTestCase" success="True" time="0.000" asserts="0">
                        <results>
                          <test-case name="NUnit.Core.Tests.OneTestCase.TestCase" executed="True" success="True" time="0.000" asserts="0" />
                        </results>
                      </test-suite>
                      <test-suite name="InheritedTestFixture" success="True" time="0.010" asserts="0">
                        <results>
                          <test-case name="NUnit.Core.Tests.InheritedTestFixture.TestCase" executed="True" success="True" time="0.000" asserts="0" />
                          <test-case name="NUnit.Core.Tests.InheritedTestFixture.Test2" executed="True" success="True" time="0.000" asserts="0" />
                        </results>
                      </test-suite>
                      <test-suite name="TestSuiteTest" success="True" time="0.130" asserts="0">
                        <results>
                          <test-case name="NUnit.Core.Tests.TestSuiteTest.RunTestsInFixture" executed="True" success="True" time="0.010" asserts="0" />
                          <test-case name="NUnit.Core.Tests.TestSuiteTest.RunExplicitTestDirectly" executed="True" success="True" time="0.010" asserts="0" />
                          <test-case name="NUnit.Core.Tests.TestSuiteTest.RunExplicitTestByName" executed="True" success="True" time="0.010" asserts="0" />
                          <test-case name="NUnit.Core.Tests.TestSuiteTest.RunExplicitTestByCategory" executed="True" success="True" time="0.010" asserts="0" />
                          <test-case name="NUnit.Core.Tests.TestSuiteTest.InheritedTestCount" executed="True" success="True" time="0.010" asserts="0" />
                          <test-case name="NUnit.Core.Tests.TestSuiteTest.SuiteRunInitialized" executed="True" success="True" time="0.000" asserts="0" />
                          <test-case name="NUnit.Core.Tests.TestSuiteTest.SuiteWithNoTests" executed="True" success="True" time="0.010" asserts="0" />
                          <test-case name="NUnit.Core.Tests.TestSuiteTest.RunNoTestSuite" executed="True" success="True" time="0.010" asserts="0" />
                          <test-case name="NUnit.Core.Tests.TestSuiteTest.RunTestByName" executed="True" success="True" time="0.010" asserts="0" />
                          <test-case name="NUnit.Core.Tests.TestSuiteTest.RunSuiteByName" executed="True" success="True" time="0.010" asserts="0" />
                          <test-case name="NUnit.Core.Tests.TestSuiteTest.CountTestCasesFilteredByName" executed="True" success="True" time="0.010" asserts="0" />
                          <test-case name="NUnit.Core.Tests.TestSuiteTest.RunTestByCategory" executed="True" success="True" time="0.010" asserts="0" />
                          <test-case name="NUnit.Core.Tests.TestSuiteTest.RunSuiteByCategory" executed="True" success="True" time="0.010" asserts="0" />
                          <test-case name="NUnit.Core.Tests.TestSuiteTest.RunSingleTest" executed="True" success="True" time="0.010" asserts="0" />
                        </results>
                      </test-suite>
                      <test-suite name="TestCaseNameTest" success="True" time="0.010" asserts="0">
                        <results>
                          <test-case name="NUnit.Core.Tests.TestCaseNameTest.TestName" executed="True" success="True" time="0.000" asserts="0" />
                          <test-case name="NUnit.Core.Tests.TestCaseNameTest.TestExpectedException" executed="True" success="True" time="0.010" asserts="0" />
                        </results>
                      </test-suite>
                      <test-suite name="ExpectExceptionTest" success="True" time="0.070" asserts="0">
                        <results>
                          <test-case name="NUnit.Core.Tests.ExpectExceptionTest.TestSingle" executed="True" success="True" time="0.010" asserts="0" />
                          <test-case name="NUnit.Core.Tests.ExpectExceptionTest.TestSpecificException" executed="True" success="True" time="0.000" asserts="0" />
                          <test-case name="NUnit.Core.Tests.ExpectExceptionTest.TestBaseException" executed="True" success="True" time="0.010" asserts="0" />
                          <test-case name="NUnit.Core.Tests.ExpectExceptionTest.TestMismatchedException" executed="True" success="True" time="0.000" asserts="0" />
                          <test-case name="NUnit.Core.Tests.ExpectExceptionTest.MethodThrowsException" executed="True" success="True" time="0.010" asserts="0" />
                          <test-case name="NUnit.Core.Tests.ExpectExceptionTest.MethodThrowsRightExceptionMessage" executed="True" success="True" time="0.010" asserts="0" />
                          <test-case name="NUnit.Core.Tests.ExpectExceptionTest.MethodThrowsArgumentOutOfRange" executed="True" success="True" time="0.000" asserts="0" />
                          <test-case name="NUnit.Core.Tests.ExpectExceptionTest.MethodThrowsWrongExceptionMessage" executed="True" success="True" time="0.010" asserts="0" />
                          <test-case name="NUnit.Core.Tests.ExpectExceptionTest.SetUpThrowsSameException" executed="True" success="True" time="0.000" asserts="0" />
                          <test-case name="NUnit.Core.Tests.ExpectExceptionTest.TearDownThrowsSameException" executed="True" success="True" time="0.010" asserts="0" />
                          <test-case name="NUnit.Core.Tests.ExpectExceptionTest.AssertFailBeforeException" executed="True" success="True" time="0.000" asserts="0" />
                          <test-case name="NUnit.Core.Tests.ExpectExceptionTest.ThrowingMyAppException" executed="True" success="True" time="0.010" asserts="0" />
                          <test-case name="NUnit.Core.Tests.ExpectExceptionTest.ThrowingMyAppExceptionWithMessage" executed="True" success="True" time="0.000" asserts="0" />
                          <test-case name="NUnit.Core.Tests.ExpectExceptionTest.ThrowNunitException" executed="True" success="True" time="0.000" asserts="0" />
                        </results>
                      </test-suite>
                      <test-suite name="AssemblyVersionFixture" success="True" time="0.020" asserts="0">
                        <results>
                          <test-case name="NUnit.Core.Tests.AssemblyVersionFixture.Version" executed="True" success="True" time="0.020" asserts="0" />
                        </results>
                      </test-suite>
                      <test-suite name="AssertionTest" success="True" time="0.080" asserts="0">
                        <results>
                          <test-case name="NUnit.Core.Tests.AssertionTest.AssertEquals" executed="True" success="True" time="0.000" asserts="0" />
                          <test-case name="NUnit.Core.Tests.AssertionTest.Bug575936Int32Int64Comparison" executed="True" success="True" time="0.000" asserts="0" />
                          <test-case name="NUnit.Core.Tests.AssertionTest.IntegerLongComparison" executed="True" success="True" time="0.000" asserts="0" />
                          <test-case name="NUnit.Core.Tests.AssertionTest.AssertEqualsFail" executed="True" success="True" time="0.000" asserts="0" />
                          <test-case name="NUnit.Core.Tests.AssertionTest.AssertEqualsTestCaseFail" executed="True" success="True" time="0.000" asserts="0" />
                          <test-case name="NUnit.Core.Tests.AssertionTest.AssertEqualsNaNFails" executed="True" success="True" time="0.010" asserts="0" />
                          <test-case name="NUnit.Core.Tests.AssertionTest.AssertEqualsNull" executed="True" success="True" time="0.000" asserts="0" />
                          <test-case name="NUnit.Core.Tests.AssertionTest.AssertNanEqualsFails" executed="True" success="True" time="0.000" asserts="0" />
                          <test-case name="NUnit.Core.Tests.AssertionTest.AssertNanEqualsNaNFails" executed="True" success="True" time="0.000" asserts="0" />
                          <test-case name="NUnit.Core.Tests.AssertionTest.AssertNegInfinityEqualsInfinity" executed="True" success="True" time="0.000" asserts="0" />
                          <test-case name="NUnit.Core.Tests.AssertionTest.AssertPosInfinityEqualsInfinity" executed="True" success="True" time="0.000" asserts="0" />
                          <test-case name="NUnit.Core.Tests.AssertionTest.AssertPosInfinityNotEquals" executed="True" success="True" time="0.000" asserts="0" />
                          <test-case name="NUnit.Core.Tests.AssertionTest.AssertPosInfinityNotEqualsNegInfinity" executed="True" success="True" time="0.000" asserts="0" />
                          <test-case name="NUnit.Core.Tests.AssertionTest.AssertSinglePosInfinityNotEqualsNegInfinity" executed="True" success="True" time="0.000" asserts="0" />
                          <test-case name="NUnit.Core.Tests.AssertionTest.AssertSingle" executed="True" success="True" time="0.000" asserts="0" />
                          <test-case name="NUnit.Core.Tests.AssertionTest.AssertByte" executed="True" success="True" time="0.000" asserts="0" />
                          <test-case name="NUnit.Core.Tests.AssertionTest.AssertString" executed="True" success="True" time="0.000" asserts="0" />
                          <test-case name="NUnit.Core.Tests.AssertionTest.AssertShort" executed="True" success="True" time="0.000" asserts="0" />
                          <test-case name="NUnit.Core.Tests.AssertionTest.AssertNull" executed="True" success="True" time="0.000" asserts="0" />
                          <test-case name="NUnit.Core.Tests.AssertionTest.AssertNullNotEqualsNull" executed="True" success="True" time="0.010" asserts="0" />
                          <test-case name="NUnit.Core.Tests.AssertionTest.AssertSame" executed="True" success="True" time="0.000" asserts="0" />
                          <test-case name="NUnit.Core.Tests.AssertionTest.AssertSameFails" executed="True" success="True" time="0.000" asserts="0" />
                          <test-case name="NUnit.Core.Tests.AssertionTest.Fail" executed="True" success="True" time="0.000" asserts="0" />
                          <test-case name="NUnit.Core.Tests.AssertionTest.Bug561909FailInheritsFromSystemException" executed="True" success="True" time="0.000" asserts="0" />
                          <test-case name="NUnit.Core.Tests.AssertionTest.FailAssertNotNull" executed="True" success="True" time="0.000" asserts="0" />
                          <test-case name="NUnit.Core.Tests.AssertionTest.SucceedAssertNotNull" executed="True" success="True" time="0.000" asserts="0" />
                          <test-case name="NUnit.Core.Tests.AssertionTest.VerifyFailIsCalled" executed="True" success="True" time="0.010" asserts="0" />
                          <test-case name="NUnit.Core.Tests.AssertionTest.AssertEqualsSameTypes" executed="True" success="True" time="0.000" asserts="0" />
                          <test-case name="NUnit.Core.Tests.AssertionTest.SucceedAssertFail" executed="True" success="True" time="0.000" asserts="0" />
                          <test-case name="NUnit.Core.Tests.AssertionTest.FailAssertFalse" executed="True" success="True" time="0.000" asserts="0" />
                        </results>
                      </test-suite>
                      <test-suite name="CallContextTests" success="True" time="0.020" asserts="0">
                        <results>
                          <test-case name="NUnit.Core.Tests.CallContextTests.ILogicalThreadAffinativeTest" executed="True" success="True" time="0.000" asserts="0" />
                          <test-case name="NUnit.Core.Tests.CallContextTests.GenericPrincipalTest" executed="True" success="True" time="0.000" asserts="0" />
                          <test-case name="NUnit.Core.Tests.CallContextTests.SetGenericPrincipalOnThread" executed="True" success="True" time="0.000" asserts="0" />
                          <test-case name="NUnit.Core.Tests.CallContextTests.SetCustomPrincipalOnThread" executed="True" success="True" time="0.000" asserts="0" />
                        </results>
                      </test-suite>
                      <test-suite name="CategoryManagerTest" success="True" time="0.010" asserts="0">
                        <results>
                          <test-case name="NUnit.Core.Tests.CategoryManagerTest.NoDuplicates" executed="True" success="True" time="0.010" asserts="0" />
                        </results>
                      </test-suite>
                      <test-suite name="EventTestFixture" description="Tests that proper events are generated when running  test" success="True" time="0.010" asserts="0">
                        <results>
                          <test-case name="NUnit.Core.Tests.EventTestFixture.CheckEventListening" executed="True" success="True" time="0.010" asserts="0" />
                        </results>
                      </test-suite>
                      <test-suite name="FailFixture" success="True" time="0.030" asserts="0">
                        <results>
                          <test-case name="NUnit.Core.Tests.FailFixture.FailWorks" executed="True" success="True" time="0.000" asserts="0" />
                          <test-case name="NUnit.Core.Tests.FailFixture.FailThrowsAssertionException" executed="True" success="True" time="0.000" asserts="0" />
                          <test-case name="NUnit.Core.Tests.FailFixture.FailInheritsFromSystemException" executed="True" success="True" time="0.000" asserts="0" />
                          <test-case name="NUnit.Core.Tests.FailFixture.FailRecordInnerException" executed="True" success="True" time="0.000" asserts="0" />
                        </results>
                      </test-suite>
                      <test-suite name="FixtureSetupTearDownTest" success="True" time="0.090" asserts="0">
                        <results>
                          <test-case name="NUnit.Core.Tests.FixtureSetupTearDownTest.MakeSureSetUpAndTearDownAreCalled" executed="True" success="True" time="0.000" asserts="0" />
                          <test-case name="NUnit.Core.Tests.FixtureSetupTearDownTest.CheckInheritedSetUpAndTearDownAreCalled" executed="True" success="True" time="0.010" asserts="0" />
                          <test-case name="NUnit.Core.Tests.FixtureSetupTearDownTest.CheckInheritedSetUpAndTearDownAreNotCalled" executed="True" success="True" time="0.000" asserts="0" />
                          <test-case name="NUnit.Core.Tests.FixtureSetupTearDownTest.HandleErrorInFixtureSetup" executed="True" success="True" time="0.000" asserts="0" />
                          <test-case name="NUnit.Core.Tests.FixtureSetupTearDownTest.RerunFixtureAfterSetUpFixed" executed="True" success="True" time="0.010" asserts="0" />
                          <test-case name="NUnit.Core.Tests.FixtureSetupTearDownTest.HandleIgnoreInFixtureSetup" executed="True" success="True" time="0.010" asserts="0" />
                          <test-case name="NUnit.Core.Tests.FixtureSetupTearDownTest.HandleErrorInFixtureTearDown" executed="True" success="True" time="0.000" asserts="0" />
                          <test-case name="NUnit.Core.Tests.FixtureSetupTearDownTest.RerunFixtureAfterTearDownFixed" executed="True" success="True" time="0.000" asserts="0" />
                          <test-case name="NUnit.Core.Tests.FixtureSetupTearDownTest.HandleSetUpAndTearDownWithTestInName" executed="True" success="True" time="0.010" asserts="0" />
                          <test-case name="NUnit.Core.Tests.FixtureSetupTearDownTest.RunningSingleMethodCallsSetUpAndTearDown" executed="True" success="True" time="0.010" asserts="0" />
                          <test-case name="NUnit.Core.Tests.FixtureSetupTearDownTest.IgnoredFixtureShouldNotCallFixtureSetUpOrTearDown" executed="True" success="True" time="0.000" asserts="0" />
                          <test-case name="NUnit.Core.Tests.FixtureSetupTearDownTest.FixtureWithNoTestsShouldNotCallFixtureSetUpOrTearDown" executed="True" success="True" time="0.010" asserts="0" />
                        </results>
                      </test-suite>
                      <test-suite name="IgnoreFixture" success="True" time="0.030" asserts="0">
                        <results>
                          <test-case name="NUnit.Core.Tests.IgnoreFixture.IgnoreThrowsIgnoreException" executed="True" success="True" time="0.000" asserts="0" />
                          <test-case name="NUnit.Core.Tests.IgnoreFixture.IgnoreWorksForTestCase" executed="True" success="True" time="0.000" asserts="0" />
                          <test-case name="NUnit.Core.Tests.IgnoreFixture.IgnoreWorksForTestSuite" executed="True" success="True" time="0.010" asserts="0" />
                          <test-case name="NUnit.Core.Tests.IgnoreFixture.IgnoreWorksFromSetUp" executed="True" success="True" time="0.010" asserts="0" />
                        </results>
                      </test-suite>
                      <test-suite name="NameFilterTest" success="True" time="0.040" asserts="0">
                        <results>
                          <test-case name="NUnit.Core.Tests.NameFilterTest.SingleNameMatch" executed="True" success="True" time="0.010" asserts="0" />
                          <test-case name="NUnit.Core.Tests.NameFilterTest.MultipleNameMatch" executed="True" success="True" time="0.010" asserts="0" />
                          <test-case name="NUnit.Core.Tests.NameFilterTest.SuiteNameMatch" executed="True" success="True" time="0.000" asserts="0" />
                          <test-case name="NUnit.Core.Tests.NameFilterTest.TestDoesNotMatch" executed="True" success="True" time="0.000" asserts="0" />
                          <test-case name="NUnit.Core.Tests.NameFilterTest.HighLevelSuite" executed="True" success="True" time="0.000" asserts="0" />
                        </results>
                      </test-suite>
                      <test-suite name="RemoteRunnerTests" success="True" time="0.090" asserts="0">
                        <results>
                          <test-case name="NUnit.Core.Tests.RemoteRunnerTests.LoadAssembly" executed="True" success="True" time="0.000" asserts="0" />
                          <test-case name="NUnit.Core.Tests.RemoteRunnerTests.LoadAssemblyWithFixture" executed="True" success="True" time="0.010" asserts="0" />
                          <test-case name="NUnit.Core.Tests.RemoteRunnerTests.LoadAssemblyWithSuite" executed="True" success="True" time="0.010" asserts="0" />
                          <test-case name="NUnit.Core.Tests.RemoteRunnerTests.CountTestCases" executed="True" success="True" time="0.010" asserts="0" />
                          <test-case name="NUnit.Core.Tests.RemoteRunnerTests.LoadMultipleAssemblies" executed="True" success="True" time="0.010" asserts="0" />
                          <test-case name="NUnit.Core.Tests.RemoteRunnerTests.LoadMultipleAssembliesWithFixture" executed="True" success="True" time="0.000" asserts="0" />
                          <test-case name="NUnit.Core.Tests.RemoteRunnerTests.LoadMultipleAssembliesWithSuite" executed="True" success="True" time="0.000" asserts="0" />
                          <test-case name="NUnit.Core.Tests.RemoteRunnerTests.CountTestCasesAcrossMultipleAssemblies" executed="True" success="True" time="0.010" asserts="0" />
                          <test-case name="NUnit.Core.Tests.RemoteRunnerTests.RunMultipleAssemblies" executed="True" success="True" time="0.020" asserts="0" />
                        </results>
                      </test-suite>
                      <test-suite name="SerializationBug" success="True" time="0.090" asserts="0">
                        <results>
                          <test-case name="NUnit.Core.Tests.SerializationBug.SaveAndLoad" executed="True" success="True" time="0.090" asserts="0" />
                        </results>
                      </test-suite>
                      <test-suite name="SetUpTest" success="True" time="0.030" asserts="0">
                        <results>
                          <test-case name="NUnit.Core.Tests.SetUpTest.SetUpAndTearDownCounter" executed="True" success="True" time="0.010" asserts="0" />
                          <test-case name="NUnit.Core.Tests.SetUpTest.MakeSureSetUpAndTearDownAreCalled" executed="True" success="True" time="0.000" asserts="0" />
                          <test-case name="NUnit.Core.Tests.SetUpTest.CheckInheritedSetUpAndTearDownAreCalled" executed="True" success="True" time="0.000" asserts="0" />
                          <test-case name="NUnit.Core.Tests.SetUpTest.CheckInheritedSetUpAndTearDownAreNotCalled" executed="True" success="True" time="0.010" asserts="0" />
                        </results>
                      </test-suite>
                      <test-suite name="StackOverflowTestFixture" success="True" time="0.330" asserts="0">
                        <results>
                          <test-case name="NUnit.Core.Tests.StackOverflowTestFixture.SimpleOverflow" executed="True" success="True" time="0.330" asserts="0" />
                        </results>
                      </test-suite>
                      <test-suite name="SuccessTest" success="True" time="0.010" asserts="0">
                        <results>
                          <test-case name="NUnit.Core.Tests.SuccessTest.Success" executed="True" success="True" time="0.000" asserts="0" />
                        </results>
                      </test-suite>
                      <test-suite name="SuiteBuilderTests" success="True" time="0.361" asserts="0">
                        <results>
                          <test-case name="NUnit.Core.Tests.SuiteBuilderTests.LoadAssembly" executed="True" success="True" time="0.180" asserts="0" />
                          <test-case name="NUnit.Core.Tests.SuiteBuilderTests.LoadFixture" executed="True" success="True" time="0.000" asserts="0" />
                          <test-case name="NUnit.Core.Tests.SuiteBuilderTests.LoadSuite" executed="True" success="True" time="0.010" asserts="0" />
                          <test-case name="NUnit.Core.Tests.SuiteBuilderTests.LoadNamespaceAsSuite" executed="True" success="True" time="0.110" asserts="0" />
                          <test-case name="NUnit.Core.Tests.SuiteBuilderTests.DiscoverSuite" executed="True" success="True" time="0.010" asserts="0" />
                          <test-case name="NUnit.Core.Tests.SuiteBuilderTests.WrongReturnTypeSuite" executed="True" success="True" time="0.000" asserts="0" />
                          <test-case name="NUnit.Core.Tests.SuiteBuilderTests.FileNotFound" executed="True" success="True" time="0.010" asserts="0" />
                          <test-case name="NUnit.Core.Tests.SuiteBuilderTests.InvalidAssembly" executed="True" success="True" time="0.010" asserts="0" />
                          <test-case name="NUnit.Core.Tests.SuiteBuilderTests.FixtureNotFound" executed="True" success="True" time="0.010" asserts="0" />
                        </results>
                      </test-suite>
                      <test-suite name="SuiteBuilderTests_Multiple" success="True" time="0.060" asserts="0">
                        <results>
                          <test-case name="NUnit.Core.Tests.SuiteBuilderTests_Multiple.BuildSuite" executed="True" success="True" time="0.010" asserts="0" />
                          <test-case name="NUnit.Core.Tests.SuiteBuilderTests_Multiple.RootNode" executed="True" success="True" time="0.010" asserts="0" />
                          <test-case name="NUnit.Core.Tests.SuiteBuilderTests_Multiple.AssemblyNodes" executed="True" success="True" time="0.010" asserts="0" />
                          <test-case name="NUnit.Core.Tests.SuiteBuilderTests_Multiple.TestCaseCount" executed="True" success="True" time="0.020" asserts="0" />
                          <test-case name="NUnit.Core.Tests.SuiteBuilderTests_Multiple.LoadFixture" executed="True" success="True" time="0.000" asserts="0" />
                        </results>
                      </test-suite>
                      <test-suite name="TestCaseTest" success="True" time="0.010" asserts="0">
                        <results>
                          <test-case name="NUnit.Core.Tests.TestCaseTest.CreateIgnoredTestCase" executed="True" success="True" time="0.000" asserts="0" />
                          <test-case name="NUnit.Core.Tests.TestCaseTest.RunIgnoredTestCase" executed="True" success="True" time="0.000" asserts="0" />
                          <test-case name="NUnit.Core.Tests.TestCaseTest.LoadMethodCategories" executed="True" success="True" time="0.000" asserts="0" />
                        </results>
                      </test-suite>
                      <test-suite name="TestConsole" success="True" time="0.010" asserts="0">
                        <results>
                          <test-case name="NUnit.Core.Tests.TestConsole.ConsoleWrite" executed="True" success="True" time="0.000" asserts="0" />
                          <test-case name="NUnit.Core.Tests.TestConsole.ConsoleWriteLine" executed="True" success="True" time="0.000" asserts="0" />
                        </results>
                      </test-suite>
                      <test-suite name="TestDelegateFixture" success="True" time="0.010" asserts="0">
                        <results>
                          <test-case name="NUnit.Core.Tests.TestDelegateFixture.DelegateTest" executed="True" success="True" time="0.000" asserts="0" />
                        </results>
                      </test-suite>
                      <test-suite name="TestFixtureBuilderTests" success="True" time="0.030" asserts="0">
                        <results>
                          <test-case name="NUnit.Core.Tests.TestFixtureBuilderTests.GoodSignature" executed="True" success="True" time="0.010" asserts="0" />
                          <test-case name="NUnit.Core.Tests.TestFixtureBuilderTests.LoadCategories" executed="True" success="True" time="0.010" asserts="0" />
                        </results>
                      </test-suite>
                      <test-suite name="TestFixtureExtension" success="True" time="0.040" asserts="0">
                        <results>
                          <test-case name="NUnit.Core.Tests.TestFixtureExtension.CheckMultipleSetUp" executed="True" success="True" time="0.010" asserts="0" />
                          <test-case name="NUnit.Core.Tests.TestFixtureExtension.DerivedTest" executed="True" success="True" time="0.010" asserts="0" />
                          <test-case name="NUnit.Core.Tests.TestFixtureExtension.InheritSetup" executed="True" success="True" time="0.010" asserts="0" />
                          <test-case name="NUnit.Core.Tests.TestFixtureExtension.InheritTearDown" executed="True" success="True" time="0.010" asserts="0" />
                        </results>
                      </test-suite>
                      <test-suite name="TestFixtureTests" success="True" time="0.160" asserts="0">
                        <results>
                          <test-case name="NUnit.Core.Tests.TestFixtureTests.ConstructFromType" executed="True" success="True" time="0.010" asserts="0" />
                          <test-case name="NUnit.Core.Tests.TestFixtureTests.ConstructFromTypeWithoutNamespace" executed="True" success="True" time="0.000" asserts="0" />
                          <test-case name="NUnit.Core.Tests.TestFixtureTests.ConstructFromNestedType" executed="True" success="True" time="0.010" asserts="0" />
                          <test-case name="NUnit.Core.Tests.TestFixtureTests.ConstructFromDoublyNestedType" executed="True" success="True" time="0.000" asserts="0" />
                          <test-case name="NUnit.Core.Tests.TestFixtureTests.CannotRunNoDefaultConstructor" executed="True" success="True" time="0.000" asserts="0" />
                          <test-case name="NUnit.Core.Tests.TestFixtureTests.CannotRunBadConstructor" executed="True" success="True" time="0.000" asserts="0" />
                          <test-case name="NUnit.Core.Tests.TestFixtureTests.CannotRunMultipleSetUp" executed="True" success="True" time="0.010" asserts="0" />
                          <test-case name="NUnit.Core.Tests.TestFixtureTests.CannotRunMultipleTearDown" executed="True" success="True" time="0.000" asserts="0" />
                          <test-case name="NUnit.Core.Tests.TestFixtureTests.CannotRunIgnoredFixture" executed="True" success="True" time="0.010" asserts="0" />
                          <test-case name="NUnit.Core.Tests.TestFixtureTests.CannotRunAbstractFixture" executed="True" success="True" time="0.000" asserts="0" />
                          <test-case name="NUnit.Core.Tests.TestFixtureTests.CannotRunMultipleTestFixtureSetUp" executed="True" success="True" time="0.000" asserts="0" />
                          <test-case name="NUnit.Core.Tests.TestFixtureTests.CannotRunMultipleTestFixtureTearDown" executed="True" success="True" time="0.000" asserts="0" />
                          <test-case name="NUnit.Core.Tests.TestFixtureTests.CannotRunPrivateSetUp" executed="True" success="True" time="0.010" asserts="0" />
                          <test-case name="NUnit.Core.Tests.TestFixtureTests.CannotRunProtectedSetUp" executed="True" success="True" time="0.000" asserts="0" />
                          <test-case name="NUnit.Core.Tests.TestFixtureTests.CannotRunStaticSetUp" executed="True" success="True" time="0.000" asserts="0" />
                          <test-case name="NUnit.Core.Tests.TestFixtureTests.CannotRunSetupWithReturnValue" executed="True" success="True" time="0.000" asserts="0" />
                          <test-case name="NUnit.Core.Tests.TestFixtureTests.CannotRunSetupWithParameters" executed="True" success="True" time="0.000" asserts="0" />
                          <test-case name="NUnit.Core.Tests.TestFixtureTests.CannotRunPrivateTearDown" executed="True" success="True" time="0.000" asserts="0" />
                          <test-case name="NUnit.Core.Tests.TestFixtureTests.CannotRunProtectedTearDown" executed="True" success="True" time="0.000" asserts="0" />
                          <test-case name="NUnit.Core.Tests.TestFixtureTests.CannotRunStaticTearDown" executed="True" success="True" time="0.010" asserts="0" />
                          <test-case name="NUnit.Core.Tests.TestFixtureTests.CannotRunTearDownWithReturnValue" executed="True" success="True" time="0.000" asserts="0" />
                          <test-case name="NUnit.Core.Tests.TestFixtureTests.CannotRunTearDownWithParameters" executed="True" success="True" time="0.010" asserts="0" />
                          <test-case name="NUnit.Core.Tests.TestFixtureTests.CannotRunPrivateFixtureSetUp" executed="True" success="True" time="0.000" asserts="0" />
                          <test-case name="NUnit.Core.Tests.TestFixtureTests.CannotRunProtectedFixtureSetUp" executed="True" success="True" time="0.010" asserts="0" />
                          <test-case name="NUnit.Core.Tests.TestFixtureTests.CannotRunStaticFixtureSetUp" executed="True" success="True" time="0.000" asserts="0" />
                          <test-case name="NUnit.Core.Tests.TestFixtureTests.CannotRunFixtureSetupWithReturnValue" executed="True" success="True" time="0.000" asserts="0" />
                          <test-case name="NUnit.Core.Tests.TestFixtureTests.CannotRunFixtureSetupWithParameters" executed="True" success="True" time="0.000" asserts="0" />
                          <test-case name="NUnit.Core.Tests.TestFixtureTests.CannotRunPrivateFixtureTearDown" executed="True" success="True" time="0.000" asserts="0" />
                          <test-case name="NUnit.Core.Tests.TestFixtureTests.CannotRunProtectedFixtureTearDown" executed="True" success="True" time="0.000" asserts="0" />
                          <test-case name="NUnit.Core.Tests.TestFixtureTests.CannotRunStaticFixtureTearDown" executed="True" success="True" time="0.000" asserts="0" />
                          <test-case name="NUnit.Core.Tests.TestFixtureTests.CannotRunFixtureTearDownWithReturnValue" executed="True" success="True" time="0.000" asserts="0" />
                          <test-case name="NUnit.Core.Tests.TestFixtureTests.CannotRunFixtureTearDownWithParameters" executed="True" success="True" time="0.000" asserts="0" />
                        </results>
                      </test-suite>
                      <test-suite name="ThreadingTest" success="True" time="0.000" asserts="0">
                        <results>
                          <test-case name="NUnit.Core.Tests.ThreadingTest.CreateAndRunThread" executed="True" success="True" time="0.000" asserts="0" />
                        </results>
                      </test-suite>
                      <test-suite name="TestRunnerThreadTests" success="True" time="0.030" asserts="0">
                        <results>
                          <test-case name="NUnit.Core.Tests.TestRunnerThreadTests.RunTestSuite" executed="True" success="True" time="0.010" asserts="0" />
                          <test-case name="NUnit.Core.Tests.TestRunnerThreadTests.RunNamedTest" executed="True" success="True" time="0.010" asserts="0" />
                          <test-case name="NUnit.Core.Tests.TestRunnerThreadTests.RunMultipleTests" executed="True" success="True" time="0.000" asserts="0" />
                        </results>
                      </test-suite>
                    </results>
                  </test-suite>
                </results>
              </test-suite>
              <test-suite name="Extensions" success="True" time="0.140" asserts="0">
                <results>
                  <test-suite name="Tests" success="True" time="0.140" asserts="0">
                    <results>
                      <test-suite name="MockSuiteExtensionTests" success="True" time="0.010" asserts="0">
                        <results>
                          <test-case name="NUnit.Extensions.Tests.MockSuiteExtensionTests.FunkyTest1" executed="True" success="True" time="0.000" asserts="0" />
                          <test-case name="NUnit.Extensions.Tests.MockSuiteExtensionTests.FunkyTest2" executed="True" success="True" time="0.000" asserts="0" />
                        </results>
                      </test-suite>
                      <test-suite name="MockFixtureExtensionTests" success="True" time="0.010" asserts="0">
                        <results>
                          <test-case name="NUnit.Extensions.Tests.MockFixtureExtensionTests.SomeTest" executed="True" success="True" time="0.000" asserts="0" />
                          <test-case name="NUnit.Extensions.Tests.MockFixtureExtensionTests.AnotherTest" executed="True" success="True" time="0.000" asserts="0" />
                        </results>
                      </test-suite>
                      <test-suite name="StringAssertTests" success="True" time="0.050" asserts="0">
                        <results>
                          <test-case name="NUnit.Extensions.Tests.StringAssertTests.Contains" executed="True" success="True" time="0.010" asserts="0" />
                          <test-case name="NUnit.Extensions.Tests.StringAssertTests.ContainsFails" executed="True" success="True" time="0.000" asserts="0" />
                          <test-case name="NUnit.Extensions.Tests.StringAssertTests.ContainsAny" executed="True" success="True" time="0.000" asserts="0" />
                          <test-case name="NUnit.Extensions.Tests.StringAssertTests.ContainsAnyFails" executed="True" success="True" time="0.000" asserts="0" />
                          <test-case name="NUnit.Extensions.Tests.StringAssertTests.StartsWith" executed="True" success="True" time="0.000" asserts="0" />
                          <test-case name="NUnit.Extensions.Tests.StringAssertTests.StartsWithFails" executed="True" success="True" time="0.000" asserts="0" />
                          <test-case name="NUnit.Extensions.Tests.StringAssertTests.EndsWith" executed="True" success="True" time="0.000" asserts="0" />
                          <test-case name="NUnit.Extensions.Tests.StringAssertTests.EndsWithFails" executed="True" success="True" time="0.010" asserts="0" />
                          <test-case name="NUnit.Extensions.Tests.StringAssertTests.CaseInsensitiveCompare" executed="True" success="True" time="0.000" asserts="0" />
                          <test-case name="NUnit.Extensions.Tests.StringAssertTests.CaseInsensitiveCompareFails" executed="True" success="True" time="0.000" asserts="0" />
                        </results>
                      </test-suite>
                      <test-suite name="RepeatedTestFixture" success="True" time="0.020" asserts="0">
                        <results>
                          <test-case name="NUnit.Extensions.Tests.RepeatedTestFixture.RepeatSuccess" executed="True" success="True" time="0.010" asserts="0" />
                          <test-case name="NUnit.Extensions.Tests.RepeatedTestFixture.RepeatFailOnFirst" executed="True" success="True" time="0.010" asserts="0" />
                          <test-case name="NUnit.Extensions.Tests.RepeatedTestFixture.RepeatFailOnThird" executed="True" success="True" time="0.000" asserts="0" />
                        </results>
                      </test-suite>
                    </results>
                  </test-suite>
                </results>
              </test-suite>
              <test-suite name="Framework" success="True" time="0.481" asserts="0">
                <results>
                  <test-suite name="Tests" success="True" time="0.461" asserts="0">
                    <results>
                      <test-suite name="ArrayEqualsFixture" success="True" time="0.060" asserts="0">
                        <results>
                          <test-case name="NUnit.Framework.Tests.ArrayEqualsFixture.SameArraysAreEqual" executed="True" success="True" time="0.000" asserts="0" />
                          <test-case name="NUnit.Framework.Tests.ArrayEqualsFixture.DifferentArraysAreEqual" executed="True" success="True" time="0.000" asserts="0" />
                          <test-case name="NUnit.Framework.Tests.ArrayEqualsFixture.DifferentLengthArrays" executed="True" success="True" time="0.010" asserts="0" />
                          <test-case name="NUnit.Framework.Tests.ArrayEqualsFixture.SameLengthDifferentContent" executed="True" success="True" time="0.000" asserts="0" />
                          <test-case name="NUnit.Framework.Tests.ArrayEqualsFixture.DifferentArrayTypesButEqual" executed="True" success="True" time="0.000" asserts="0" />
                          <test-case name="NUnit.Framework.Tests.ArrayEqualsFixture.MixedTypesAreEqual" executed="True" success="True" time="0.000" asserts="0" />
                          <test-case name="NUnit.Framework.Tests.ArrayEqualsFixture.DifferentArrayTypesNotEqual" executed="True" success="True" time="0.000" asserts="0" />
                          <test-case name="NUnit.Framework.Tests.ArrayEqualsFixture.ArraysOfInt" executed="True" success="True" time="0.000" asserts="0" />
                          <test-case name="NUnit.Framework.Tests.ArrayEqualsFixture.ArraysOfDouble" executed="True" success="True" time="0.000" asserts="0" />
                          <test-case name="NUnit.Framework.Tests.ArrayEqualsFixture.ArraysOfDecimal" executed="True" success="True" time="0.010" asserts="0" />
                          <test-case name="NUnit.Framework.Tests.ArrayEqualsFixture.ArrayOfIntVersusArrayOfDouble" executed="True" success="True" time="0.000" asserts="0" />
                          <test-case name="NUnit.Framework.Tests.ArrayEqualsFixture.RanksOfArraysMustMatch" executed="True" success="True" time="0.010" asserts="0" />
                          <test-case name="NUnit.Framework.Tests.ArrayEqualsFixture.MultiDimensionedArraysNotSupported" executed="True" success="True" time="0.000" asserts="0" />
                          <test-case name="NUnit.Framework.Tests.ArrayEqualsFixture.ArraysPassedAsObjects" executed="True" success="True" time="0.000" asserts="0" />
                        </results>
                      </test-suite>
                      <test-suite name="AssertExtensionTests" success="True" time="0.010" asserts="0">
                        <results>
                          <test-case name="NUnit.Framework.Tests.AssertExtensionTests.FormattedMessageTests" executed="True" success="True" time="0.010" asserts="0" />
                          <test-case name="NUnit.Framework.Tests.AssertExtensionTests.OddNumber" executed="True" success="True" time="0.000" asserts="0" />
                          <test-case name="NUnit.Framework.Tests.AssertExtensionTests.OddNumberFails" executed="True" success="True" time="0.000" asserts="0" />
                        </results>
                      </test-suite>
                      <test-suite name="EqualsFixture" success="True" time="0.130" asserts="0">
                        <results>
                          <test-case name="NUnit.Framework.Tests.EqualsFixture.Equals" executed="True" success="True" time="0.000" asserts="0" />
                          <test-case name="NUnit.Framework.Tests.EqualsFixture.EqualsNull" executed="True" success="True" time="0.000" asserts="0" />
                          <test-case name="NUnit.Framework.Tests.EqualsFixture.Bug575936Int32Int64Comparison" executed="True" success="True" time="0.000" asserts="0" />
                          <test-case name="NUnit.Framework.Tests.EqualsFixture.IntegerLongComparison" executed="True" success="True" time="0.010" asserts="0" />
                          <test-case name="NUnit.Framework.Tests.EqualsFixture.IntergerEquals" executed="True" success="True" time="0.000" asserts="0" />
                          <test-case name="NUnit.Framework.Tests.EqualsFixture.EqualsFail" executed="True" success="True" time="0.010" asserts="0" />
                          <test-case name="NUnit.Framework.Tests.EqualsFixture.EqualsNaNFails" executed="True" success="True" time="0.000" asserts="0" />
                          <test-case name="NUnit.Framework.Tests.EqualsFixture.NanEqualsFails" executed="True" success="True" time="0.010" asserts="0" />
                          <test-case name="NUnit.Framework.Tests.EqualsFixture.NanEqualsNaNFails" executed="True" success="True" time="0.000" asserts="0" />
                          <test-case name="NUnit.Framework.Tests.EqualsFixture.NegInfinityEqualsInfinity" executed="True" success="True" time="0.010" asserts="0" />
                          <test-case name="NUnit.Framework.Tests.EqualsFixture.PosInfinityEqualsInfinity" executed="True" success="True" time="0.000" asserts="0" />
                          <test-case name="NUnit.Framework.Tests.EqualsFixture.PosInfinityNotEquals" executed="True" success="True" time="0.010" asserts="0" />
                          <test-case name="NUnit.Framework.Tests.EqualsFixture.PosInfinityNotEqualsNegInfinity" executed="True" success="True" time="0.000" asserts="0" />
                          <test-case name="NUnit.Framework.Tests.EqualsFixture.SinglePosInfinityNotEqualsNegInfinity" executed="True" success="True" time="0.010" asserts="0" />
                          <test-case name="NUnit.Framework.Tests.EqualsFixture.EqualsThrowsException" executed="True" success="True" time="0.000" asserts="0" />
                          <test-case name="NUnit.Framework.Tests.EqualsFixture.ReferenceEqualsThrowsException" executed="True" success="True" time="0.010" asserts="0" />
                          <test-case name="NUnit.Framework.Tests.EqualsFixture.Float" executed="True" success="True" time="0.000" asserts="0" />
                          <test-case name="NUnit.Framework.Tests.EqualsFixture.Byte" executed="True" success="True" time="0.010" asserts="0" />
                          <test-case name="NUnit.Framework.Tests.EqualsFixture.String" executed="True" success="True" time="0.000" asserts="0" />
                          <test-case name="NUnit.Framework.Tests.EqualsFixture.Short" executed="True" success="True" time="0.010" asserts="0" />
                          <test-case name="NUnit.Framework.Tests.EqualsFixture.Int" executed="True" success="True" time="0.000" asserts="0" />
                          <test-case name="NUnit.Framework.Tests.EqualsFixture.Decimal" executed="True" success="True" time="0.010" asserts="0" />
                          <test-case name="NUnit.Framework.Tests.EqualsFixture.EqualsSameTypes" executed="True" success="True" time="0.010" asserts="0" />
                          <test-case name="NUnit.Framework.Tests.EqualsFixture.EnumsEqual" executed="True" success="True" time="0.000" asserts="0" />
                          <test-case name="NUnit.Framework.Tests.EqualsFixture.EnumsNotEqual" executed="True" success="True" time="0.010" asserts="0" />
                        </results>
                      </test-suite>
                      <test-suite name="FalseFixture" success="True" time="0.010" asserts="0">
                        <results>
                          <test-case name="NUnit.Framework.Tests.FalseFixture.AssertFalse" executed="True" success="True" time="0.000" asserts="0" />
                          <test-case name="NUnit.Framework.Tests.FalseFixture.FalseAsserterFails" executed="True" success="True" time="0.000" asserts="0" />
                          <test-case name="NUnit.Framework.Tests.FalseFixture.AssertFalseFails" executed="True" success="True" time="0.000" asserts="0" />
                        </results>
                      </test-suite>
                      <test-suite name="NullFixture" success="True" time="0.010" asserts="0">
                        <results>
                          <test-case name="NUnit.Framework.Tests.NullFixture.Null" executed="True" success="True" time="0.000" asserts="0" />
                          <test-case name="NUnit.Framework.Tests.NullFixture.NullFails" executed="True" success="True" time="0.000" asserts="0" />
                          <test-case name="NUnit.Framework.Tests.NullFixture.NullAsserterFails" executed="True" success="True" time="0.000" asserts="0" />
                        </results>
                      </test-suite>
                      <test-suite name="NotNullFixture" success="True" time="0.010" asserts="0">
                        <results>
                          <test-case name="NUnit.Framework.Tests.NotNullFixture.NotNull" executed="True" success="True" time="0.000" asserts="0" />
                          <test-case name="NUnit.Framework.Tests.NotNullFixture.NotNullAsserter_Failure" executed="True" success="True" time="0.000" asserts="0" />
                          <test-case name="NUnit.Framework.Tests.NotNullFixture.NotNullFails" executed="True" success="True" time="0.000" asserts="0" />
                        </results>
                      </test-suite>
                      <test-suite name="MyAssertionFailureMessage+FailureMessageFixture" success="True" time="0.110" asserts="0">
                        <results>
                          <test-case name="NUnit.Framework.Tests.MyAssertionFailureMessage+FailureMessageFixture.TestInputsAreStrings" executed="True" success="True" time="0.000" asserts="0" />
                          <test-case name="NUnit.Framework.Tests.MyAssertionFailureMessage+FailureMessageFixture.TestCreateStringBuilder" executed="True" success="True" time="0.000" asserts="0" />
                          <test-case name="NUnit.Framework.Tests.MyAssertionFailureMessage+FailureMessageFixture.TestClipAroundPosition" executed="True" success="True" time="0.000" asserts="0" />
                          <test-case name="NUnit.Framework.Tests.MyAssertionFailureMessage+FailureMessageFixture.TestClipAroundPosition2" executed="True" success="True" time="0.000" asserts="0" />
                          <test-case name="NUnit.Framework.Tests.MyAssertionFailureMessage+FailureMessageFixture.TestConvertWhitespace" executed="True" success="True" time="0.000" asserts="0" />
                          <test-case name="NUnit.Framework.Tests.MyAssertionFailureMessage+FailureMessageFixture.TestFormatMessageForFailNotEquals" executed="True" success="True" time="0.010" asserts="0" />
                          <test-case name="NUnit.Framework.Tests.MyAssertionFailureMessage+FailureMessageFixture.TestFormatMessageForFailNotEqualsNewlines" executed="True" success="True" time="0.000" asserts="0" />
                          <test-case name="NUnit.Framework.Tests.MyAssertionFailureMessage+FailureMessageFixture.TestStringLengthsDiffer" executed="True" success="True" time="0.010" asserts="0" />
                          <test-case name="NUnit.Framework.Tests.MyAssertionFailureMessage+FailureMessageFixture.TestStringLengthsDiffer2" executed="True" success="True" time="0.000" asserts="0" />
                          <test-case name="NUnit.Framework.Tests.MyAssertionFailureMessage+FailureMessageFixture.TestStringLengthsDiffer3" executed="True" success="True" time="0.060" asserts="0" />
                          <test-case name="NUnit.Framework.Tests.MyAssertionFailureMessage+FailureMessageFixture.TestFormatMessageForArraysNotEqual" executed="True" success="True" time="0.010" asserts="0" />
                        </results>
                      </test-suite>
                      <test-suite name="NotSameFixture" success="True" time="0.000" asserts="0">
                        <results>
                          <test-case name="NUnit.Framework.Tests.NotSameFixture.NotSame" executed="True" success="True" time="0.000" asserts="0" />
                          <test-case name="NUnit.Framework.Tests.NotSameFixture.NotSameFails" executed="True" success="True" time="0.000" asserts="0" />
                        </results>
                      </test-suite>
                      <test-suite name="NotEqualFixture" success="True" time="0.030" asserts="0">
                        <results>
                          <test-case name="NUnit.Framework.Tests.NotEqualFixture.NotEqual" executed="True" success="True" time="0.000" asserts="0" />
                          <test-case name="NUnit.Framework.Tests.NotEqualFixture.NotEqualFails" executed="True" success="True" time="0.000" asserts="0" />
                          <test-case name="NUnit.Framework.Tests.NotEqualFixture.NullNotEqualToNonNull" executed="True" success="True" time="0.000" asserts="0" />
                          <test-case name="NUnit.Framework.Tests.NotEqualFixture.NullEqualsNull" executed="True" success="True" time="0.000" asserts="0" />
                          <test-case name="NUnit.Framework.Tests.NotEqualFixture.ArraysNotEqual" executed="True" success="True" time="0.000" asserts="0" />
                          <test-case name="NUnit.Framework.Tests.NotEqualFixture.ArraysNotEqualFails" executed="True" success="True" time="0.010" asserts="0" />
                        </results>
                      </test-suite>
                      <test-suite name="TrueFixture" success="True" time="0.010" asserts="0">
                        <results>
                          <test-case name="NUnit.Framework.Tests.TrueFixture.AssertTrue" executed="True" success="True" time="0.010" asserts="0" />
                          <test-case name="NUnit.Framework.Tests.TrueFixture.TrueAsserterFails" executed="True" success="True" time="0.000" asserts="0" />
                          <test-case name="NUnit.Framework.Tests.TrueFixture.AssertTrueFails" executed="True" success="True" time="0.000" asserts="0" />
                        </results>
                      </test-suite>
                      <test-suite name="SameFixture" success="True" time="0.010" asserts="0">
                        <results>
                          <test-case name="NUnit.Framework.Tests.SameFixture.Same" executed="True" success="True" time="0.000" asserts="0" />
                          <test-case name="NUnit.Framework.Tests.SameFixture.SameFails" executed="True" success="True" time="0.000" asserts="0" />
                          <test-case name="NUnit.Framework.Tests.SameFixture.SameAsserterFails" executed="True" success="True" time="0.000" asserts="0" />
                          <test-case name="NUnit.Framework.Tests.SameFixture.SameValueTypes" executed="True" success="True" time="0.000" asserts="0" />
                        </results>
                      </test-suite>
                    </results>
                  </test-suite>
                </results>
              </test-suite>
            </results>
          </test-suite>
        </results>
      </test-suite>
      <test-suite name="D:\Dev\NUnit\nunit20\src\build\net\1.1\release\nunit.util.tests.dll" success="True" time="24.716" asserts="0">
        <results>
          <test-suite name="NUnit" success="True" time="24.665" asserts="0">
            <results>
              <test-suite name="Util" success="True" time="24.635" asserts="0">
                <results>
                  <test-suite name="Tests" success="True" time="24.585" asserts="0">
                    <results>
                      <test-suite name="AssemblyListTests" success="True" time="0.030" asserts="0">
                        <results>
                          <test-case name="NUnit.Util.Tests.AssemblyListTests.EmptyList" executed="True" success="True" time="0.000" asserts="0" />
                          <test-case name="NUnit.Util.Tests.AssemblyListTests.CanAddAssemblies" executed="True" success="True" time="0.000" asserts="0" />
                          <test-case name="NUnit.Util.Tests.AssemblyListTests.MustAddAbsolutePath" executed="True" success="True" time="0.000" asserts="0" />
                          <test-case name="NUnit.Util.Tests.AssemblyListTests.AddMarksConfigurationDirty" executed="True" success="True" time="0.010" asserts="0" />
                          <test-case name="NUnit.Util.Tests.AssemblyListTests.CanRemoveAssemblies" executed="True" success="True" time="0.000" asserts="0" />
                          <test-case name="NUnit.Util.Tests.AssemblyListTests.RemoveAtMarksConfigurationDirty" executed="True" success="True" time="0.000" asserts="0" />
                          <test-case name="NUnit.Util.Tests.AssemblyListTests.RemoveMarksConfigurationDirty" executed="True" success="True" time="0.000" asserts="0" />
                          <test-case name="NUnit.Util.Tests.AssemblyListTests.SettingFullPathMarksConfigurationDirty" executed="True" success="True" time="0.000" asserts="0" />
                          <test-case name="NUnit.Util.Tests.AssemblyListTests.SettingHasTestsMarksConfigurationDirty" executed="True" success="True" time="0.000" asserts="0" />
                        </results>
                      </test-suite>
                      <test-suite name="EventDispatcherTests" success="True" time="0.080" asserts="0">
                        <results>
                          <test-case name="NUnit.Util.Tests.EventDispatcherTests.ProjectLoading" executed="True" success="True" time="0.010" asserts="0" />
                          <test-case name="NUnit.Util.Tests.EventDispatcherTests.ProjectLoaded" executed="True" success="True" time="0.000" asserts="0" />
                          <test-case name="NUnit.Util.Tests.EventDispatcherTests.ProjectLoadFailed" executed="True" success="True" time="0.000" asserts="0" />
                          <test-case name="NUnit.Util.Tests.EventDispatcherTests.ProjectUnloading" executed="True" success="True" time="0.000" asserts="0" />
                          <test-case name="NUnit.Util.Tests.EventDispatcherTests.ProjectUnloaded" executed="True" success="True" time="0.000" asserts="0" />
                          <test-case name="NUnit.Util.Tests.EventDispatcherTests.ProjectUnloadFailed" executed="True" success="True" time="0.000" asserts="0" />
                          <test-case name="NUnit.Util.Tests.EventDispatcherTests.TestLoading" executed="True" success="True" time="0.000" asserts="0" />
                          <test-case name="NUnit.Util.Tests.EventDispatcherTests.TestLoaded" executed="True" success="True" time="0.000" asserts="0" />
                          <test-case name="NUnit.Util.Tests.EventDispatcherTests.TestLoadFailed" executed="True" success="True" time="0.000" asserts="0" />
                          <test-case name="NUnit.Util.Tests.EventDispatcherTests.TestUnloading" executed="True" success="True" time="0.000" asserts="0" />
                          <test-case name="NUnit.Util.Tests.EventDispatcherTests.TestUnloaded" executed="True" success="True" time="0.000" asserts="0" />
                          <test-case name="NUnit.Util.Tests.EventDispatcherTests.TestUnloadFailed" executed="True" success="True" time="0.010" asserts="0" />
                          <test-case name="NUnit.Util.Tests.EventDispatcherTests.TestReloading" executed="True" success="True" time="0.000" asserts="0" />
                          <test-case name="NUnit.Util.Tests.EventDispatcherTests.TestReloaded" executed="True" success="True" time="0.000" asserts="0" />
                          <test-case name="NUnit.Util.Tests.EventDispatcherTests.TestReloadFailed" executed="True" success="True" time="0.010" asserts="0" />
                          <test-case name="NUnit.Util.Tests.EventDispatcherTests.RunStarting" executed="True" success="True" time="0.000" asserts="0" />
                          <test-case name="NUnit.Util.Tests.EventDispatcherTests.RunFinished" executed="True" success="True" time="0.000" asserts="0" />
                          <test-case name="NUnit.Util.Tests.EventDispatcherTests.RunFailed" executed="True" success="True" time="0.000" asserts="0" />
                          <test-case name="NUnit.Util.Tests.EventDispatcherTests.SuiteStarting" executed="True" success="True" time="0.000" asserts="0" />
                          <test-case name="NUnit.Util.Tests.EventDispatcherTests.SuiteFinished" executed="True" success="True" time="0.000" asserts="0" />
                          <test-case name="NUnit.Util.Tests.EventDispatcherTests.TestStarting" executed="True" success="True" time="0.000" asserts="0" />
                          <test-case name="NUnit.Util.Tests.EventDispatcherTests.TestFinished" executed="True" success="True" time="0.000" asserts="0" />
                        </results>
                      </test-suite>
                      <test-suite name="FileWatcherTest" success="True" time="6.810" asserts="0">
                        <results>
                          <test-case name="NUnit.Util.Tests.FileWatcherTest.TestManyFrequentEvents" executed="True" success="True" time="2.784" asserts="0" />
                          <test-case name="NUnit.Util.Tests.FileWatcherTest.ChangeAttributes" executed="True" success="True" time="2.003" asserts="0" />
                          <test-case name="NUnit.Util.Tests.FileWatcherTest.CopyFile" executed="True" success="True" time="2.013" asserts="0" />
                        </results>
                      </test-suite>
                      <test-suite name="NUnitProjectTests" success="True" time="0.300" asserts="0">
                        <results>
                          <test-case name="NUnit.Util.Tests.NUnitProjectTests.IsProjectFile" executed="True" success="True" time="0.000" asserts="0" />
                          <test-case name="NUnit.Util.Tests.NUnitProjectTests.NewProjectIsEmpty" executed="True" success="True" time="0.010" asserts="0" />
                          <test-case name="NUnit.Util.Tests.NUnitProjectTests.NewProjectIsNotDirty" executed="True" success="True" time="0.010" asserts="0" />
                          <test-case name="NUnit.Util.Tests.NUnitProjectTests.NewProjectDefaultPath" executed="True" success="True" time="0.000" asserts="0" />
                          <test-case name="NUnit.Util.Tests.NUnitProjectTests.NewProjectNotLoadable" executed="True" success="True" time="0.000" asserts="0" />
                          <test-case name="NUnit.Util.Tests.NUnitProjectTests.SaveMakesProjectNotDirty" executed="True" success="True" time="0.020" asserts="0" />
                          <test-case name="NUnit.Util.Tests.NUnitProjectTests.SaveSetsProjectPath" executed="True" success="True" time="0.010" asserts="0" />
                          <test-case name="NUnit.Util.Tests.NUnitProjectTests.DefaultApplicationBase" executed="True" success="True" time="0.010" asserts="0" />
                          <test-case name="NUnit.Util.Tests.NUnitProjectTests.DefaultConfigurationFile" executed="True" success="True" time="0.010" asserts="0" />
                          <test-case name="NUnit.Util.Tests.NUnitProjectTests.ConfigurationFileFromAssembly" executed="True" success="True" time="0.000" asserts="0" />
                          <test-case name="NUnit.Util.Tests.NUnitProjectTests.ConfigurationFileFromAssemblies" executed="True" success="True" time="0.000" asserts="0" />
                          <test-case name="NUnit.Util.Tests.NUnitProjectTests.DefaultProjectName" executed="True" success="True" time="0.010" asserts="0" />
                          <test-case name="NUnit.Util.Tests.NUnitProjectTests.LoadMakesProjectNotDirty" executed="True" success="True" time="0.020" asserts="0" />
                          <test-case name="NUnit.Util.Tests.NUnitProjectTests.CanAddConfigs" executed="True" success="True" time="0.010" asserts="0" />
                          <test-case name="NUnit.Util.Tests.NUnitProjectTests.CanSetActiveConfig" executed="True" success="True" time="0.000" asserts="0" />
                          <test-case name="NUnit.Util.Tests.NUnitProjectTests.CanAddAssemblies" executed="True" success="True" time="0.000" asserts="0" />
                          <test-case name="NUnit.Util.Tests.NUnitProjectTests.AddConfigMakesProjectDirty" executed="True" success="True" time="0.000" asserts="0" />
                          <test-case name="NUnit.Util.Tests.NUnitProjectTests.RenameConfigMakesProjectDirty" executed="True" success="True" time="0.000" asserts="0" />
                          <test-case name="NUnit.Util.Tests.NUnitProjectTests.DefaultActiveConfig" executed="True" success="True" time="0.000" asserts="0" />
                          <test-case name="NUnit.Util.Tests.NUnitProjectTests.RenameActiveConfig" executed="True" success="True" time="0.000" asserts="0" />
                          <test-case name="NUnit.Util.Tests.NUnitProjectTests.RemoveConfigMakesProjectDirty" executed="True" success="True" time="0.000" asserts="0" />
                          <test-case name="NUnit.Util.Tests.NUnitProjectTests.RemoveActiveConfig" executed="True" success="True" time="0.000" asserts="0" />
                          <test-case name="NUnit.Util.Tests.NUnitProjectTests.SettingActiveConfigMakesProjectDirty" executed="True" success="True" time="0.000" asserts="0" />
                          <test-case name="NUnit.Util.Tests.NUnitProjectTests.SaveAndLoadEmptyProject" executed="True" success="True" time="0.020" asserts="0" />
                          <test-case name="NUnit.Util.Tests.NUnitProjectTests.SaveAndLoadEmptyConfigs" executed="True" success="True" time="0.020" asserts="0" />
                          <test-case name="NUnit.Util.Tests.NUnitProjectTests.SaveAndLoadConfigsWithAssemblies" executed="True" success="True" time="0.020" asserts="0" />
                        </results>
                      </test-suite>
                      <test-suite name="NUnitProjectSave" success="True" time="0.040" asserts="0">
                        <results>
                          <test-case name="NUnit.Util.Tests.NUnitProjectSave.SaveEmptyProject" executed="True" success="True" time="0.010" asserts="0" />
                          <test-case name="NUnit.Util.Tests.NUnitProjectSave.SaveEmptyConfigs" executed="True" success="True" time="0.010" asserts="0" />
                          <test-case name="NUnit.Util.Tests.NUnitProjectSave.SaveNormalProject" executed="True" success="True" time="0.010" asserts="0" />
                        </results>
                      </test-suite>
                      <test-suite name="NUnitRegistryTests" success="True" time="0.040" asserts="0">
                        <results>
                          <test-case name="NUnit.Util.Tests.NUnitRegistryTests.CurrentUser" executed="True" success="True" time="0.010" asserts="0" />
                          <test-case name="NUnit.Util.Tests.NUnitRegistryTests.LocalMachine" executed="True" success="True" time="0.000" asserts="0" />
                          <test-case name="NUnit.Util.Tests.NUnitRegistryTests.CurrentUserTestMode" executed="True" success="True" time="0.000" asserts="0" />
                          <test-case name="NUnit.Util.Tests.NUnitRegistryTests.LocalMachineTestMode" executed="True" success="True" time="0.000" asserts="0" />
                          <test-case name="NUnit.Util.Tests.NUnitRegistryTests.TestClearRoutines" executed="True" success="True" time="0.020" asserts="0" />
                        </results>
                      </test-suite>
                      <test-suite name="ProjectConfigCollectionTests" success="True" time="0.020" asserts="0">
                        <results>
                          <test-case name="NUnit.Util.Tests.ProjectConfigCollectionTests.EmptyCollection" executed="True" success="True" time="0.000" asserts="0" />
                          <test-case name="NUnit.Util.Tests.ProjectConfigCollectionTests.AddConfig" executed="True" success="True" time="0.010" asserts="0" />
                          <test-case name="NUnit.Util.Tests.ProjectConfigCollectionTests.AddMakesProjectDirty" executed="True" success="True" time="0.000" asserts="0" />
                          <test-case name="NUnit.Util.Tests.ProjectConfigCollectionTests.BuildConfigAndAdd" executed="True" success="True" time="0.000" asserts="0" />
                          <test-case name="NUnit.Util.Tests.ProjectConfigCollectionTests.AddTwoConfigs" executed="True" success="True" time="0.000" asserts="0" />
                        </results>
                      </test-suite>
                      <test-suite name="ProjectConfigTests" success="True" time="0.100" asserts="0">
                        <results>
                          <test-case name="NUnit.Util.Tests.ProjectConfigTests.EmptyConfig" executed="True" success="True" time="0.010" asserts="0" />
                          <test-case name="NUnit.Util.Tests.ProjectConfigTests.CanAddAssemblies" executed="True" success="True" time="0.000" asserts="0" />
                          <test-case name="NUnit.Util.Tests.ProjectConfigTests.GetAbsolutePaths" executed="True" success="True" time="0.000" asserts="0" />
                          <test-case name="NUnit.Util.Tests.ProjectConfigTests.GetRelativePaths" executed="True" success="True" time="0.000" asserts="0" />
                          <test-case name="NUnit.Util.Tests.ProjectConfigTests.AddMarksProjectDirty" executed="True" success="True" time="0.010" asserts="0" />
                          <test-case name="NUnit.Util.Tests.ProjectConfigTests.RenameMarksProjectDirty" executed="True" success="True" time="0.000" asserts="0" />
                          <test-case name="NUnit.Util.Tests.ProjectConfigTests.RemoveMarksProjectDirty" executed="True" success="True" time="0.000" asserts="0" />
                          <test-case name="NUnit.Util.Tests.ProjectConfigTests.SettingApplicationBaseMarksProjectDirty" executed="True" success="True" time="0.000" asserts="0" />
                          <test-case name="NUnit.Util.Tests.ProjectConfigTests.AbsoluteBasePath" executed="True" success="True" time="0.000" asserts="0" />
                          <test-case name="NUnit.Util.Tests.ProjectConfigTests.RelativeBasePath" executed="True" success="True" time="0.010" asserts="0" />
                          <test-case name="NUnit.Util.Tests.ProjectConfigTests.NoBasePathSet" executed="True" success="True" time="0.000" asserts="0" />
                          <test-case name="NUnit.Util.Tests.ProjectConfigTests.SettingConfigurationFileMarksProjectDirty" executed="True" success="True" time="0.010" asserts="0" />
[...]
                        </results>
                      </test-suite>
                      <test-suite name="ProgressBarTests" success="True" time="0.020" asserts="0">
                        <results>
                          <test-case name="NUnit.UiKit.Tests.ProgressBarTests.TestProgressDisplay" executed="True" success="True" time="0.020" asserts="0" />
                        </results>
                      </test-suite>
                      <test-suite name="AddConfigurationDialogTests" success="True" time="0.300" asserts="0">
                        <results>
                          <test-case name="NUnit.UiKit.Tests.AddConfigurationDialogTests.CheckForControls" executed="True" success="True" time="0.050" asserts="0" />
                          <test-case name="NUnit.UiKit.Tests.AddConfigurationDialogTests.CheckTextBox" executed="True" success="True" time="0.030" asserts="0" />
                          <test-case name="NUnit.UiKit.Tests.AddConfigurationDialogTests.CheckComboBox" executed="True" success="True" time="0.080" asserts="0" />
                          <test-case name="NUnit.UiKit.Tests.AddConfigurationDialogTests.TestSimpleEntry" executed="True" success="True" time="0.070" asserts="0" />
                          <test-case name="NUnit.UiKit.Tests.AddConfigurationDialogTests.TestComplexEntry" executed="True" success="True" time="0.050" asserts="0" />
                        </results>
                      </test-suite>
                      <test-suite name="RecentFileMenuHandlerTests" success="True" time="0.010" asserts="0">
                        <results>
                          <test-case name="NUnit.UiKit.Tests.RecentFileMenuHandlerTests.DisableOnLoadWhenEmpty" executed="True" success="True" time="0.000" asserts="0" />
                          <test-case name="NUnit.UiKit.Tests.RecentFileMenuHandlerTests.EnableOnLoadWhenNotEmpty" executed="True" success="True" time="0.000" asserts="0" />
                          <test-case name="NUnit.UiKit.Tests.RecentFileMenuHandlerTests.LoadMenuItems" executed="True" success="True" time="0.000" asserts="0" />
                        </results>
                      </test-suite>
                    </results>
                  </test-suite>
                </results>
              </test-suite>
            </results>
          </test-suite>
        </results>
      </test-suite>
      <test-suite name="D:\Dev\NUnit\nunit20\src\build\net\1.1\release\nunit-console.tests.dll" success="True" time="4.557" asserts="0">
        <results>
          <test-suite name="NUnit" success="True" time="4.537" asserts="0">
            <results>
              <test-suite name="ConsoleRunner" success="True" time="4.527" asserts="0">
                <results>
                  <test-suite name="Tests" success="True" time="4.527" asserts="0">
                    <results>
                      <test-suite name="CommandLineTests" success="True" time="0.140" asserts="0">
                        <results>
                          <test-case name="NUnit.ConsoleRunner.Tests.CommandLineTests.NoParametersCount" executed="True" success="True" time="0.040" asserts="0" />
                          <test-case name="NUnit.ConsoleRunner.Tests.CommandLineTests.NoLogo" executed="True" success="True" time="0.010" asserts="0" />
                          <test-case name="NUnit.ConsoleRunner.Tests.CommandLineTests.Help" executed="True" success="True" time="0.010" asserts="0" />
                          <test-case name="NUnit.ConsoleRunner.Tests.CommandLineTests.ShortHelp" executed="True" success="True" time="0.000" asserts="0" />
                          <test-case name="NUnit.ConsoleRunner.Tests.CommandLineTests.Wait" executed="True" success="True" time="0.000" asserts="0" />
                          <test-case name="NUnit.ConsoleRunner.Tests.CommandLineTests.AssemblyName" executed="True" success="True" time="0.010" asserts="0" />
                          <test-case name="NUnit.ConsoleRunner.Tests.CommandLineTests.IncludeCategories" executed="True" success="True" time="0.000" asserts="0" />
                          <test-case name="NUnit.ConsoleRunner.Tests.CommandLineTests.ExcludeCategories" executed="True" success="True" time="0.010" asserts="0" />
                          <test-case name="NUnit.ConsoleRunner.Tests.CommandLineTests.IncludeAndExcludeAreInvalidTogether" executed="True" success="True" time="0.000" asserts="0" />
                          <test-case name="NUnit.ConsoleRunner.Tests.CommandLineTests.FixtureName" executed="True" success="True" time="0.010" asserts="0" />
                          <test-case name="NUnit.ConsoleRunner.Tests.CommandLineTests.ValidateSuccessful" executed="True" success="True" time="0.000" asserts="0" />
                          <test-case name="NUnit.ConsoleRunner.Tests.CommandLineTests.InvalidArgs" executed="True" success="True" time="0.000" asserts="0" />
                          <test-case name="NUnit.ConsoleRunner.Tests.CommandLineTests.NoFixtureName" executed="True" success="True" time="0.000" asserts="0" />
                          <test-case name="NUnit.ConsoleRunner.Tests.CommandLineTests.InvalidCommandLineParms" executed="True" success="True" time="0.000" asserts="0" />
                          <test-case name="NUnit.ConsoleRunner.Tests.CommandLineTests.XmlParameter" executed="True" success="True" time="0.000" asserts="0" />
                          <test-case name="NUnit.ConsoleRunner.Tests.CommandLineTests.XmlParameterWithFullPath" executed="True" success="True" time="0.000" asserts="0" />
                          <test-case name="NUnit.ConsoleRunner.Tests.CommandLineTests.XmlParameterWithFullPathUsingEqualSign" executed="True" success="True" time="0.000" asserts="0" />
                          <test-case name="NUnit.ConsoleRunner.Tests.CommandLineTests.TransformParameter" executed="True" success="True" time="0.010" asserts="0" />
                          <test-case name="NUnit.ConsoleRunner.Tests.CommandLineTests.FileNameWithoutXmlParameter" executed="True" success="True" time="0.000" asserts="0" />
                          <test-case name="NUnit.ConsoleRunner.Tests.CommandLineTests.XmlParameterWithoutFileName" executed="True" success="True" time="0.000" asserts="0" />
                        </results>
                      </test-suite>
                      <test-suite name="CommandLineTests_MultipleAssemblies" success="True" time="0.030" asserts="0">
                        <results>
                          <test-case name="NUnit.ConsoleRunner.Tests.CommandLineTests_MultipleAssemblies.MultipleAssemblyValidate" executed="True" success="True" time="0.000" asserts="0" />
                          <test-case name="NUnit.ConsoleRunner.Tests.CommandLineTests_MultipleAssemblies.IsAssemblyTest" executed="True" success="True" time="0.000" asserts="0" />
                          <test-case name="NUnit.ConsoleRunner.Tests.CommandLineTests_MultipleAssemblies.ParameterCount" executed="True" success="True" time="0.000" asserts="0" />
                          <test-case name="NUnit.ConsoleRunner.Tests.CommandLineTests_MultipleAssemblies.CheckParameters" executed="True" success="True" time="0.000" asserts="0" />
                          <test-case name="NUnit.ConsoleRunner.Tests.CommandLineTests_MultipleAssemblies.FixtureValidate" executed="True" success="True" time="0.000" asserts="0" />
                          <test-case name="NUnit.ConsoleRunner.Tests.CommandLineTests_MultipleAssemblies.IsFixture" executed="True" success="True" time="0.000" asserts="0" />
                          <test-case name="NUnit.ConsoleRunner.Tests.CommandLineTests_MultipleAssemblies.FixtureParameters" executed="True" success="True" time="0.000" asserts="0" />
                        </results>
                      </test-suite>
                      <test-suite name="ConsoleRunnerTest" success="True" time="4.336" asserts="0">
                        <results>
                          <test-case name="NUnit.ConsoleRunner.Tests.ConsoleRunnerTest.FailureFixture" executed="True" success="True" time="1.031" asserts="0" />
                          <test-case name="NUnit.ConsoleRunner.Tests.ConsoleRunnerTest.SuccessFixture" executed="True" success="True" time="0.901" asserts="0" />
                          <test-case name="NUnit.ConsoleRunner.Tests.ConsoleRunnerTest.XmlResult" executed="True" success="True" time="0.951" asserts="0" />
                          <test-case name="NUnit.ConsoleRunner.Tests.ConsoleRunnerTest.InvalidFixture" executed="True" success="True" time="0.401" asserts="0" />
                          <test-case name="NUnit.ConsoleRunner.Tests.ConsoleRunnerTest.InvalidAssembly" executed="True" success="True" time="0.020" asserts="0" />
                          <test-case name="NUnit.ConsoleRunner.Tests.ConsoleRunnerTest.XmlToConsole" executed="True" success="True" time="1.001" asserts="0" />
                        </results>
                      </test-suite>
                    </results>
                  </test-suite>
                </results>
              </test-suite>
            </results>
          </test-suite>
        </results>
      </test-suite>
      <test-suite name="D:\Dev\NUnit\nunit20\src\build\net\1.1\release\nunit-gui.tests.dll" success="True" time="1.202" asserts="0">
        <results>
          <test-suite name="NUnit" success="True" time="1.172" asserts="0">
            <results>
              <test-suite name="Gui" success="True" time="1.162" asserts="0">
                <results>
                  <test-suite name="Tests" success="True" time="1.142" asserts="0">
                    <results>
                      <test-suite name="FormSettingsTests" success="True" time="0.230" asserts="0">
                        <results>
                          <test-case name="NUnit.Gui.Tests.FormSettingsTests.StorageName" executed="True" success="True" time="0.010" asserts="0" />
                          <test-case name="NUnit.Gui.Tests.FormSettingsTests.StorageKey" executed="True" success="True" time="0.000" asserts="0" />
                          <test-case name="NUnit.Gui.Tests.FormSettingsTests.FormPosition" executed="True" success="True" time="0.010" asserts="0" />
                          <test-case name="NUnit.Gui.Tests.FormSettingsTests.SplitterPosition" executed="True" success="True" time="0.000" asserts="0" />
                          <test-case name="NUnit.Gui.Tests.FormSettingsTests.FormPositionDefaults" executed="True" success="True" time="0.000" asserts="0" />
                          <test-case name="NUnit.Gui.Tests.FormSettingsTests.FormSizeTooSmall" executed="True" success="True" time="0.010" asserts="0" />
                          <test-case name="NUnit.Gui.Tests.FormSettingsTests.PositionOutOfBounds" executed="True" success="True" time="0.010" asserts="0" />
                          <test-case name="NUnit.Gui.Tests.FormSettingsTests.BadTreeSplitterPosition" executed="True" success="True" time="0.010" asserts="0" />
                          <test-case name="NUnit.Gui.Tests.FormSettingsTests.BadTabSplitterPosition" executed="True" success="True" time="0.010" asserts="0" />
                        </results>
                      </test-suite>
                      <test-suite name="OptionSettingsTests" success="True" time="0.050" asserts="0">
                        <results>
                          <test-case name="NUnit.Gui.Tests.OptionSettingsTests.LoadLastProject" executed="True" success="True" time="0.010" asserts="0" />
                          <test-case name="NUnit.Gui.Tests.OptionSettingsTests.LoadLastInitialTreeDisplay" executed="True" success="True" time="0.010" asserts="0" />
                          <test-case name="NUnit.Gui.Tests.OptionSettingsTests.ReloadOnChange" executed="True" success="True" time="0.000" asserts="0" />
                          <test-case name="NUnit.Gui.Tests.OptionSettingsTests.ReloadOnRun" executed="True" success="True" time="0.000" asserts="0" />
                          <test-case name="NUnit.Gui.Tests.OptionSettingsTests.ClearResults" executed="True" success="True" time="0.010" asserts="0" />
                          <test-case name="NUnit.Gui.Tests.OptionSettingsTests.VisualStudioSupport" executed="True" success="True" time="0.010" asserts="0" />
                        </results>
                      </test-suite>
                      <test-suite name="RecentProjectsFixture" success="True" time="0.791" asserts="0">
                        <results>
                          <test-case name="NUnit.Gui.Tests.RecentProjectsFixture.RetrieveSubKey" executed="True" success="True" time="0.010" asserts="0" />
                          <test-case name="NUnit.Gui.Tests.RecentProjectsFixture.StorageName" executed="True" success="True" time="0.010" asserts="0" />
                          <test-case name="NUnit.Gui.Tests.RecentProjectsFixture.StorageKey" executed="True" success="True" time="0.000" asserts="0" />
                          <test-case name="NUnit.Gui.Tests.RecentProjectsFixture.DefaultRecentFilesCount" executed="True" success="True" time="0.000" asserts="0" />
                          <test-case name="NUnit.Gui.Tests.RecentProjectsFixture.RecentFilesCount" executed="True" success="True" time="0.010" asserts="0" />
                          <test-case name="NUnit.Gui.Tests.RecentProjectsFixture.RecentFilesCountOverMax" executed="True" success="True" time="0.010" asserts="0" />
                          <test-case name="NUnit.Gui.Tests.RecentProjectsFixture.RecentFilesCountUnderMin" executed="True" success="True" time="0.010" asserts="0" />
                          <test-case name="NUnit.Gui.Tests.RecentProjectsFixture.RecentFilesCountAtMax" executed="True" success="True" time="0.010" asserts="0" />
                          <test-case name="NUnit.Gui.Tests.RecentProjectsFixture.RecentFilesCountAtMin" executed="True" success="True" time="0.010" asserts="0" />
                          <test-case name="NUnit.Gui.Tests.RecentProjectsFixture.EmptyList" executed="True" success="True" time="0.010" asserts="0" />
                          <test-case name="NUnit.Gui.Tests.RecentProjectsFixture.AddSingleItem" executed="True" success="True" time="0.020" asserts="0" />
                          <test-case name="NUnit.Gui.Tests.RecentProjectsFixture.AddMaxItems" executed="True" success="True" time="0.030" asserts="0" />
                          <test-case name="NUnit.Gui.Tests.RecentProjectsFixture.AddTooManyItems" executed="True" success="True" time="0.050" asserts="0" />
                          <test-case name="NUnit.Gui.Tests.RecentProjectsFixture.IncreaseSize" executed="True" success="True" time="0.070" asserts="0" />
                          <test-case name="NUnit.Gui.Tests.RecentProjectsFixture.ReduceSize" executed="True" success="True" time="0.060" asserts="0" />
                          <test-case name="NUnit.Gui.Tests.RecentProjectsFixture.IncreaseSizeAfterAdd" executed="True" success="True" time="0.050" asserts="0" />
                          <test-case name="NUnit.Gui.Tests.RecentProjectsFixture.ReduceSizeAfterAdd" executed="True" success="True" time="0.030" asserts="0" />
                          <test-case name="NUnit.Gui.Tests.RecentProjectsFixture.ReduceSizeUpdatesRegistry" executed="True" success="True" time="0.020" asserts="0" />
                          <test-case name="NUnit.Gui.Tests.RecentProjectsFixture.AddUpdatesRegistry" executed="True" success="True" time="0.010" asserts="0" />
                          <test-case name="NUnit.Gui.Tests.RecentProjectsFixture.ReorderLastProject" executed="True" success="True" time="0.040" asserts="0" />
                          <test-case name="NUnit.Gui.Tests.RecentProjectsFixture.ReorderSingleProject" executed="True" success="True" time="0.030" asserts="0" />
                          <test-case name="NUnit.Gui.Tests.RecentProjectsFixture.ReorderMultipleProjects" executed="True" success="True" time="0.040" asserts="0" />
                          <test-case name="NUnit.Gui.Tests.RecentProjectsFixture.ReorderSameProject" executed="True" success="True" time="0.030" asserts="0" />
                          <test-case name="NUnit.Gui.Tests.RecentProjectsFixture.ReorderWithListNotFull" executed="True" success="True" time="0.020" asserts="0" />
                          <test-case name="NUnit.Gui.Tests.RecentProjectsFixture.RemoveFirstProject" executed="True" success="True" time="0.030" asserts="0" />
                          <test-case name="NUnit.Gui.Tests.RecentProjectsFixture.RemoveOneProject" executed="True" success="True" time="0.030" asserts="0" />
                          <test-case name="NUnit.Gui.Tests.RecentProjectsFixture.RemoveMultipleProjects" executed="True" success="True" time="0.040" asserts="0" />
                          <test-case name="NUnit.Gui.Tests.RecentProjectsFixture.RemoveLastProject" executed="True" success="True" time="0.030" asserts="0" />
                        </results>
                      </test-suite>
                      <test-suite name="UserSettingsTests" success="True" time="0.030" asserts="0">
                        <results>
                          <test-case name="NUnit.Gui.Tests.UserSettingsTests.GetStorageImpl" executed="True" success="True" time="0.010" asserts="0" />
                          <test-case name="NUnit.Gui.Tests.UserSettingsTests.GetChildStorageImpl" executed="True" success="True" time="0.000" asserts="0" />
                          <test-case name="NUnit.Gui.Tests.UserSettingsTests.OptionSettings" executed="True" success="True" time="0.010" asserts="0" />
                          <test-case name="NUnit.Gui.Tests.UserSettingsTests.FormSettings" executed="True" success="True" time="0.000" asserts="0" />
                          <test-case name="NUnit.Gui.Tests.UserSettingsTests.RecentProjects" executed="True" success="True" time="0.010" asserts="0" />
                        </results>
                      </test-suite>
                      <test-suite name="CommandLineTests" success="True" time="0.030" asserts="0">
                        <results>
                          <test-case name="NUnit.Gui.Tests.CommandLineTests.NoParametersCount" executed="True" success="True" time="0.000" asserts="0" />
                          <test-case name="NUnit.Gui.Tests.CommandLineTests.Help" executed="True" success="True" time="0.000" asserts="0" />
                          <test-case name="NUnit.Gui.Tests.CommandLineTests.ShortHelp" executed="True" success="True" time="0.000" asserts="0" />
                          <test-case name="NUnit.Gui.Tests.CommandLineTests.AssemblyName" executed="True" success="True" time="0.000" asserts="0" />
                          <test-case name="NUnit.Gui.Tests.CommandLineTests.ValidateSuccessful" executed="True" success="True" time="0.000" asserts="0" />
                          <test-case name="NUnit.Gui.Tests.CommandLineTests.InvalidArgs" executed="True" success="True" time="0.000" asserts="0" />
                          <test-case name="NUnit.Gui.Tests.CommandLineTests.InvalidCommandLineParms" executed="True" success="True" time="0.000" asserts="0" />
                          <test-case name="NUnit.Gui.Tests.CommandLineTests.NoNameValuePairs" executed="True" success="True" time="0.000" asserts="0" />
                        </results>
                      </test-suite>
                    </results>
                  </test-suite>
                </results>
              </test-suite>
            </results>
          </test-suite>
        </results>
      </test-suite>
    </results>
  </test-suite>
</test-results>